  [1m[35m (106.7ms)[0m  [1m[35mCREATE DATABASE "ice_cream_api_development" ENCODING = 'unicode'[0m
  [1m[35m (58.8ms)[0m  [1m[35mCREATE DATABASE "ice_cream_api_test" ENCODING = 'unicode'[0m
  [1m[35m (50.4ms)[0m  [1m[35mCREATE TABLE "schema_migrations" ("version" character varying NOT NULL PRIMARY KEY)[0m
  [1m[35m (46.5ms)[0m  [1m[35mCREATE TABLE "ar_internal_metadata" ("key" character varying NOT NULL PRIMARY KEY, "value" character varying, "created_at" timestamp(6) NOT NULL, "updated_at" timestamp(6) NOT NULL)[0m
  [1m[35m (0.3ms)[0m  [1m[34mSELECT pg_try_advisory_lock(7244081548594365825)[0m
  [1m[35m (0.6ms)[0m  [1m[34mSELECT "schema_migrations"."version" FROM "schema_migrations" ORDER BY "schema_migrations"."version" ASC[0m
Migrating to CreateIceCreams (20200922220806)
  [1m[35m (0.2ms)[0m  [1m[35mBEGIN[0m
  [1m[35m (49.1ms)[0m  [1m[35mCREATE TABLE "ice_creams" ("id" bigserial primary key, "name" character varying, "description" character varying, "created_at" timestamp(6) NOT NULL, "updated_at" timestamp(6) NOT NULL)[0m
  [1m[36mprimary::SchemaMigration Create (0.6ms)[0m  [1m[32mINSERT INTO "schema_migrations" ("version") VALUES ($1) RETURNING "version"[0m  [["version", "20200922220806"]]
  [1m[35m (0.5ms)[0m  [1m[35mCOMMIT[0m
Migrating to CreatePints (20200922220914)
  [1m[35m (39.7ms)[0m  [1m[35mBEGIN[0m
  [1m[35m (7.9ms)[0m  [1m[35mCREATE TABLE "pints" ("id" bigserial primary key, "pints_sold" integer, "pints_made" integer, "profit_per_pint" decimal, "month" character varying, "created_at" timestamp(6) NOT NULL, "updated_at" timestamp(6) NOT NULL)[0m
  [1m[36mprimary::SchemaMigration Create (0.3ms)[0m  [1m[32mINSERT INTO "schema_migrations" ("version") VALUES ($1) RETURNING "version"[0m  [["version", "20200922220914"]]
  [1m[35m (0.4ms)[0m  [1m[35mCOMMIT[0m
  [1m[36mActiveRecord::InternalMetadata Load (0.6ms)[0m  [1m[34mSELECT "ar_internal_metadata".* FROM "ar_internal_metadata" WHERE "ar_internal_metadata"."key" = $1 LIMIT $2[0m  [["key", "environment"], ["LIMIT", 1]]
  [1m[35m (0.1ms)[0m  [1m[35mBEGIN[0m
  [1m[36mActiveRecord::InternalMetadata Create (0.6ms)[0m  [1m[32mINSERT INTO "ar_internal_metadata" ("key", "value", "created_at", "updated_at") VALUES ($1, $2, $3, $4) RETURNING "key"[0m  [["key", "environment"], ["value", "development"], ["created_at", "2020-09-22 22:10:02.882800"], ["updated_at", "2020-09-22 22:10:02.882800"]]
  [1m[35m (39.6ms)[0m  [1m[35mCOMMIT[0m
  [1m[35m (0.4ms)[0m  [1m[34mSELECT pg_advisory_unlock(7244081548594365825)[0m
  [1m[35m (0.9ms)[0m  [1m[34mSELECT "schema_migrations"."version" FROM "schema_migrations" ORDER BY "schema_migrations"."version" ASC[0m
